<?xml version="1.0" encoding="UTF-8"?>
<testsuite name="com.tw.jlhe.todolist.controller.TodoListControllerTest" tests="5" skipped="0" failures="0" errors="0" timestamp="2017-01-24T02:24:32" hostname="CNcqu.local" time="0.462">
  <properties/>
  <testcase name="deleteItemShouldReturnNoFoundWhenThisItemIsNotExisting" classname="com.tw.jlhe.todolist.controller.TodoListControllerTest" time="0.214"/>
  <testcase name="itemsShouldReturnTodoListWithJSON" classname="com.tw.jlhe.todolist.controller.TodoListControllerTest" time="0.06"/>
  <testcase name="createItemShouldReturnIsCreatedWhenThisItemCreatedSuccefully" classname="com.tw.jlhe.todolist.controller.TodoListControllerTest" time="0.107"/>
  <testcase name="deleteItemShouldReturnNoContentWhenThisItemIsExisting" classname="com.tw.jlhe.todolist.controller.TodoListControllerTest" time="0.035"/>
  <testcase name="updateItemShouldReturnIsOkWhenThisItemUpdatedSuccefully" classname="com.tw.jlhe.todolist.controller.TodoListControllerTest" time="0.037"/>
  <system-out><![CDATA[10:24:13.040 [Test worker] DEBUG org.springframework.test.context.junit4.SpringJUnit4ClassRunner - SpringJUnit4ClassRunner constructor called with [class com.tw.jlhe.todolist.controller.TodoListControllerTest]
10:24:13.049 [Test worker] DEBUG org.springframework.test.context.BootstrapUtils - Instantiating CacheAwareContextLoaderDelegate from class [org.springframework.test.context.cache.DefaultCacheAwareContextLoaderDelegate]
10:24:13.065 [Test worker] DEBUG org.springframework.test.context.BootstrapUtils - Instantiating BootstrapContext using constructor [public org.springframework.test.context.support.DefaultBootstrapContext(java.lang.Class,org.springframework.test.context.CacheAwareContextLoaderDelegate)]
10:24:13.102 [Test worker] DEBUG org.springframework.test.context.BootstrapUtils - Instantiating TestContextBootstrapper for test class [com.tw.jlhe.todolist.controller.TodoListControllerTest] from class [org.springframework.boot.test.context.SpringBootTestContextBootstrapper]
10:24:13.118 [Test worker] INFO org.springframework.boot.test.context.SpringBootTestContextBootstrapper - Neither @ContextConfiguration nor @ContextHierarchy found for test class [com.tw.jlhe.todolist.controller.TodoListControllerTest], using SpringBootContextLoader
10:24:13.128 [Test worker] DEBUG org.springframework.test.context.support.AbstractContextLoader - Did not detect default resource location for test class [com.tw.jlhe.todolist.controller.TodoListControllerTest]: class path resource [com/tw/jlhe/todolist/controller/TodoListControllerTest-context.xml] does not exist
10:24:13.128 [Test worker] DEBUG org.springframework.test.context.support.AbstractContextLoader - Did not detect default resource location for test class [com.tw.jlhe.todolist.controller.TodoListControllerTest]: class path resource [com/tw/jlhe/todolist/controller/TodoListControllerTestContext.groovy] does not exist
10:24:13.129 [Test worker] INFO org.springframework.test.context.support.AbstractContextLoader - Could not detect default resource locations for test class [com.tw.jlhe.todolist.controller.TodoListControllerTest]: no resource found for suffixes {-context.xml, Context.groovy}.
10:24:13.206 [Test worker] DEBUG org.springframework.test.context.support.ActiveProfilesUtils - Could not find an 'annotation declaring class' for annotation type [org.springframework.test.context.ActiveProfiles] and class [com.tw.jlhe.todolist.controller.TodoListControllerTest]
10:24:13.244 [Test worker] DEBUG org.springframework.boot.test.context.SpringBootTestContextBootstrapper - @TestExecutionListeners is not present for class [com.tw.jlhe.todolist.controller.TodoListControllerTest]: using defaults.
10:24:13.250 [Test worker] INFO org.springframework.boot.test.context.SpringBootTestContextBootstrapper - Loaded default TestExecutionListener class names from location [META-INF/spring.factories]: [org.springframework.boot.test.mock.mockito.MockitoTestExecutionListener, org.springframework.boot.test.mock.mockito.ResetMocksTestExecutionListener, org.springframework.boot.test.autoconfigure.restdocs.RestDocsTestExecutionListener, org.springframework.boot.test.autoconfigure.web.client.MockRestServiceServerResetTestExecutionListener, org.springframework.boot.test.autoconfigure.web.servlet.MockMvcPrintOnlyOnFailureTestExecutionListener, org.springframework.boot.test.autoconfigure.web.servlet.WebDriverTestExecutionListener, org.springframework.test.context.web.ServletTestExecutionListener, org.springframework.test.context.support.DirtiesContextBeforeModesTestExecutionListener, org.springframework.test.context.support.DependencyInjectionTestExecutionListener, org.springframework.test.context.support.DirtiesContextTestExecutionListener, org.springframework.test.context.transaction.TransactionalTestExecutionListener, org.springframework.test.context.jdbc.SqlScriptsTestExecutionListener]
10:24:13.288 [Test worker] INFO org.springframework.boot.test.context.SpringBootTestContextBootstrapper - Using TestExecutionListeners: [org.springframework.test.context.web.ServletTestExecutionListener@7a8aa6c9, org.springframework.test.context.support.DirtiesContextBeforeModesTestExecutionListener@6bde8f42, org.springframework.boot.test.autoconfigure.SpringBootDependencyInjectionTestExecutionListener@562c2acf, org.springframework.test.context.support.DirtiesContextTestExecutionListener@6bef8837, org.springframework.test.context.transaction.TransactionalTestExecutionListener@447cc76d, org.springframework.test.context.jdbc.SqlScriptsTestExecutionListener@5b47e43f, org.springframework.boot.test.autoconfigure.web.servlet.MockMvcPrintOnlyOnFailureTestExecutionListener@6c0ac7ca, org.springframework.boot.test.mock.mockito.ResetMocksTestExecutionListener@7b33544c, org.springframework.boot.test.mock.mockito.MockitoTestExecutionListener@5956a3e8, org.springframework.boot.test.autoconfigure.restdocs.RestDocsTestExecutionListener@3d54c2e1, org.springframework.boot.test.autoconfigure.web.servlet.WebDriverTestExecutionListener@75a7616, org.springframework.boot.test.autoconfigure.web.client.MockRestServiceServerResetTestExecutionListener@66aac385]
10:24:13.293 [Test worker] DEBUG org.springframework.test.annotation.ProfileValueUtils - Retrieved @ProfileValueSourceConfiguration [null] for test class [com.tw.jlhe.todolist.controller.TodoListControllerTest]
10:24:13.295 [Test worker] DEBUG org.springframework.test.annotation.ProfileValueUtils - Retrieved ProfileValueSource type [class org.springframework.test.annotation.SystemProfileValueSource] for class [com.tw.jlhe.todolist.controller.TodoListControllerTest]
10:24:13.298 [Test worker] DEBUG org.springframework.test.annotation.ProfileValueUtils - Retrieved @ProfileValueSourceConfiguration [null] for test class [com.tw.jlhe.todolist.controller.TodoListControllerTest]
10:24:13.299 [Test worker] DEBUG org.springframework.test.annotation.ProfileValueUtils - Retrieved ProfileValueSource type [class org.springframework.test.annotation.SystemProfileValueSource] for class [com.tw.jlhe.todolist.controller.TodoListControllerTest]
10:24:13.309 [Test worker] DEBUG org.springframework.test.context.support.AbstractDirtiesContextTestExecutionListener - Before test class: context [DefaultTestContext@164b5cbd testClass = TodoListControllerTest, testInstance = [null], testMethod = [null], testException = [null], mergedContextConfiguration = [WebMergedContextConfiguration@5623cbc testClass = TodoListControllerTest, locations = '{}', classes = '{class com.tw.jlhe.todolist.Application, class com.tw.jlhe.todolist.Application}', contextInitializerClasses = '[]', activeProfiles = '{}', propertySourceLocations = '{}', propertySourceProperties = '{org.springframework.boot.test.context.SpringBootTestContextBootstrapper=true}', contextCustomizers = set[org.springframework.boot.test.context.SpringBootTestContextCustomizer@4db6ec8b, org.springframework.boot.test.context.filter.ExcludeFilterContextCustomizer@277aaa69, org.springframework.boot.test.mock.mockito.MockitoContextCustomizer@0, org.springframework.boot.test.autoconfigure.properties.PropertyMappingContextCustomizer@0, org.springframework.boot.test.autoconfigure.web.servlet.WebDriverContextCustomizerFactory$Customizer@6903992d], resourceBasePath = 'src/main/webapp', contextLoader = 'org.springframework.boot.test.context.SpringBootContextLoader', parent = [null]]], class annotated with @DirtiesContext [false] with mode [null].
10:24:13.310 [Test worker] DEBUG org.springframework.test.annotation.ProfileValueUtils - Retrieved @ProfileValueSourceConfiguration [null] for test class [com.tw.jlhe.todolist.controller.TodoListControllerTest]
10:24:13.311 [Test worker] DEBUG org.springframework.test.annotation.ProfileValueUtils - Retrieved ProfileValueSource type [class org.springframework.test.annotation.SystemProfileValueSource] for class [com.tw.jlhe.todolist.controller.TodoListControllerTest]
10:24:13.452 [Test worker] DEBUG org.springframework.core.env.StandardEnvironment - Adding [systemProperties] PropertySource with lowest search precedence
10:24:13.452 [Test worker] DEBUG org.springframework.core.env.StandardEnvironment - Adding [systemEnvironment] PropertySource with lowest search precedence
10:24:13.453 [Test worker] DEBUG org.springframework.core.env.StandardEnvironment - Initialized StandardEnvironment with PropertySources [systemProperties,systemEnvironment]
10:24:13.455 [Test worker] DEBUG org.springframework.test.context.support.TestPropertySourceUtils - Adding inlined properties to environment: {spring.jmx.enabled=false, org.springframework.boot.test.context.SpringBootTestContextBootstrapper=true, server.port=-1}
10:24:13.456 [Test worker] DEBUG org.springframework.core.env.StandardEnvironment - Adding [Inlined Test Properties] PropertySource with highest search precedence

  .   ____          _            __ _ _
 /\\ / ___'_ __ _ _(_)_ __  __ _ \ \ \ \
( ( )\___ | '_ | '_| | '_ \/ _` | \ \ \ \
 \\/  ___)| |_)| | | | | || (_| |  ) ) ) )
  '  |____| .__|_| |_|_| |_\__, | / / / /
 =========|_|==============|___/=/_/_/_/
 :: Spring Boot ::        (v1.4.2.RELEASE)

2017-01-24 10:24:24.791  INFO 52912 --- [    Test worker] c.t.j.t.c.TodoListControllerTest         : Starting TodoListControllerTest on CNcqu.local with PID 52912 (started by cqu in /Users/cqu/HJL/Project/TodoListAPI)
2017-01-24 10:24:24.792  INFO 52912 --- [    Test worker] c.t.j.t.c.TodoListControllerTest         : No active profile set, falling back to default profiles: default
2017-01-24 10:24:24.851  INFO 52912 --- [    Test worker] o.s.w.c.s.GenericWebApplicationContext   : Refreshing org.springframework.web.context.support.GenericWebApplicationContext@564425ca: startup date [Tue Jan 24 10:24:24 CST 2017]; root of context hierarchy
2017-01-24 10:24:27.221  INFO 52912 --- [    Test worker] trationDelegate$BeanPostProcessorChecker : Bean 'org.springframework.transaction.annotation.ProxyTransactionManagementConfiguration' of type [class org.springframework.transaction.annotation.ProxyTransactionManagementConfiguration$$EnhancerBySpringCGLIB$$bc6b54cf] is not eligible for getting processed by all BeanPostProcessors (for example: not eligible for auto-proxying)
2017-01-24 10:24:28.437  INFO 52912 --- [    Test worker] j.LocalContainerEntityManagerFactoryBean : Building JPA container EntityManagerFactory for persistence unit 'default'
2017-01-24 10:24:28.472  INFO 52912 --- [    Test worker] o.hibernate.jpa.internal.util.LogHelper  : HHH000204: Processing PersistenceUnitInfo [
	name: default
	...]
2017-01-24 10:24:28.599  INFO 52912 --- [    Test worker] org.hibernate.Version                    : HHH000412: Hibernate Core {5.0.11.Final}
2017-01-24 10:24:28.602  INFO 52912 --- [    Test worker] org.hibernate.cfg.Environment            : HHH000206: hibernate.properties not found
2017-01-24 10:24:28.604  INFO 52912 --- [    Test worker] org.hibernate.cfg.Environment            : HHH000021: Bytecode provider name : javassist
2017-01-24 10:24:28.668  INFO 52912 --- [    Test worker] o.hibernate.annotations.common.Version   : HCANN000001: Hibernate Commons Annotations {5.0.1.Final}
2017-01-24 10:24:28.897  INFO 52912 --- [    Test worker] org.hibernate.dialect.Dialect            : HHH000400: Using dialect: org.hibernate.dialect.MySQL5InnoDBDialect
2017-01-24 10:24:29.880  INFO 52912 --- [    Test worker] j.LocalContainerEntityManagerFactoryBean : Initialized JPA EntityManagerFactory for persistence unit 'default'
2017-01-24 10:24:31.120  INFO 52912 --- [    Test worker] s.w.s.m.m.a.RequestMappingHandlerAdapter : Looking for @ControllerAdvice: org.springframework.web.context.support.GenericWebApplicationContext@564425ca: startup date [Tue Jan 24 10:24:24 CST 2017]; root of context hierarchy
2017-01-24 10:24:31.230  INFO 52912 --- [    Test worker] s.w.s.m.m.a.RequestMappingHandlerMapping : Mapped "{[/todoitems],methods=[GET]}" onto public org.springframework.http.ResponseEntity<java.util.Map> com.tw.jlhe.todolist.controller.TodoListController.items()
2017-01-24 10:24:31.232  INFO 52912 --- [    Test worker] s.w.s.m.m.a.RequestMappingHandlerMapping : Mapped "{[/todoitems],methods=[POST]}" onto public org.springframework.http.ResponseEntity<?> com.tw.jlhe.todolist.controller.TodoListController.createItem(com.tw.jlhe.todolist.model.OptTodoItem)
2017-01-24 10:24:31.233  INFO 52912 --- [    Test worker] s.w.s.m.m.a.RequestMappingHandlerMapping : Mapped "{[/todoitems/{id}],methods=[PUT]}" onto public org.springframework.http.ResponseEntity<?> com.tw.jlhe.todolist.controller.TodoListController.updateItem(int,com.tw.jlhe.todolist.model.OptTodoItem)
2017-01-24 10:24:31.233  INFO 52912 --- [    Test worker] s.w.s.m.m.a.RequestMappingHandlerMapping : Mapped "{[/todoitems/{id}],methods=[DELETE]}" onto public org.springframework.http.ResponseEntity<?> com.tw.jlhe.todolist.controller.TodoListController.deleteItem(int)
2017-01-24 10:24:31.236  INFO 52912 --- [    Test worker] s.w.s.m.m.a.RequestMappingHandlerMapping : Mapped "{[/error]}" onto public org.springframework.http.ResponseEntity<java.util.Map<java.lang.String, java.lang.Object>> org.springframework.boot.autoconfigure.web.BasicErrorController.error(javax.servlet.http.HttpServletRequest)
2017-01-24 10:24:31.236  INFO 52912 --- [    Test worker] s.w.s.m.m.a.RequestMappingHandlerMapping : Mapped "{[/error],produces=[text/html]}" onto public org.springframework.web.servlet.ModelAndView org.springframework.boot.autoconfigure.web.BasicErrorController.errorHtml(javax.servlet.http.HttpServletRequest,javax.servlet.http.HttpServletResponse)
2017-01-24 10:24:31.286  INFO 52912 --- [    Test worker] o.s.w.s.handler.SimpleUrlHandlerMapping  : Mapped URL path [/webjars/**] onto handler of type [class org.springframework.web.servlet.resource.ResourceHttpRequestHandler]
2017-01-24 10:24:31.286  INFO 52912 --- [    Test worker] o.s.w.s.handler.SimpleUrlHandlerMapping  : Mapped URL path [/**] onto handler of type [class org.springframework.web.servlet.resource.ResourceHttpRequestHandler]
2017-01-24 10:24:31.347  INFO 52912 --- [    Test worker] o.s.w.s.handler.SimpleUrlHandlerMapping  : Mapped URL path [/**/favicon.ico] onto handler of type [class org.springframework.web.servlet.resource.ResourceHttpRequestHandler]
2017-01-24 10:24:31.818  INFO 52912 --- [    Test worker] c.t.j.t.c.TodoListControllerTest         : Started TodoListControllerTest in 18.338 seconds (JVM running for 25.031)
2017-01-24 10:24:32.037  INFO 52912 --- [    Test worker] ilder$StaticRequestMappingHandlerMapping : Mapped "{[/todoitems],methods=[GET]}" onto public org.springframework.http.ResponseEntity<java.util.Map> com.tw.jlhe.todolist.controller.TodoListController.items()
2017-01-24 10:24:32.038  INFO 52912 --- [    Test worker] ilder$StaticRequestMappingHandlerMapping : Mapped "{[/todoitems],methods=[POST]}" onto public org.springframework.http.ResponseEntity<?> com.tw.jlhe.todolist.controller.TodoListController.createItem(com.tw.jlhe.todolist.model.OptTodoItem)
2017-01-24 10:24:32.039  INFO 52912 --- [    Test worker] ilder$StaticRequestMappingHandlerMapping : Mapped "{[/todoitems/{id}],methods=[PUT]}" onto public org.springframework.http.ResponseEntity<?> com.tw.jlhe.todolist.controller.TodoListController.updateItem(int,com.tw.jlhe.todolist.model.OptTodoItem)
2017-01-24 10:24:32.040  INFO 52912 --- [    Test worker] ilder$StaticRequestMappingHandlerMapping : Mapped "{[/todoitems/{id}],methods=[DELETE]}" onto public org.springframework.http.ResponseEntity<?> com.tw.jlhe.todolist.controller.TodoListController.deleteItem(int)
2017-01-24 10:24:32.055  INFO 52912 --- [    Test worker] s.w.s.m.m.a.RequestMappingHandlerAdapter : Looking for @ControllerAdvice: org.springframework.test.web.servlet.setup.StubWebApplicationContext@45f7a131
2017-01-24 10:24:32.070  INFO 52912 --- [    Test worker] o.s.mock.web.MockServletContext          : Initializing Spring FrameworkServlet ''
2017-01-24 10:24:32.070  INFO 52912 --- [    Test worker] o.s.t.web.servlet.TestDispatcherServlet  : FrameworkServlet '': initialization started
2017-01-24 10:24:32.071  INFO 52912 --- [    Test worker] o.s.t.web.servlet.TestDispatcherServlet  : FrameworkServlet '': initialization completed in 1 ms

MockHttpServletRequest:
      HTTP Method = DELETE
      Request URI = /todoitems/2
       Parameters = {}
          Headers = {}

Handler:
             Type = com.tw.jlhe.todolist.controller.TodoListController
           Method = public org.springframework.http.ResponseEntity<?> com.tw.jlhe.todolist.controller.TodoListController.deleteItem(int)

Async:
    Async started = false
     Async result = null

Resolved Exception:
             Type = null

ModelAndView:
        View name = null
             View = null
            Model = null

FlashMap:
       Attributes = null

MockHttpServletResponse:
           Status = 404
    Error message = null
          Headers = {Content-Type=[application/json;charset=UTF-8]}
     Content type = application/json;charset=UTF-8
             Body = {"todoItem":null,"message":"Delete todo item is fail!","status":404}
    Forwarded URL = null
   Redirected URL = null
          Cookies = []
2017-01-24 10:24:32.237  INFO 52912 --- [    Test worker] ilder$StaticRequestMappingHandlerMapping : Mapped "{[/todoitems],methods=[GET]}" onto public org.springframework.http.ResponseEntity<java.util.Map> com.tw.jlhe.todolist.controller.TodoListController.items()
2017-01-24 10:24:32.242  INFO 52912 --- [    Test worker] ilder$StaticRequestMappingHandlerMapping : Mapped "{[/todoitems],methods=[POST]}" onto public org.springframework.http.ResponseEntity<?> com.tw.jlhe.todolist.controller.TodoListController.createItem(com.tw.jlhe.todolist.model.OptTodoItem)
2017-01-24 10:24:32.243  INFO 52912 --- [    Test worker] ilder$StaticRequestMappingHandlerMapping : Mapped "{[/todoitems/{id}],methods=[PUT]}" onto public org.springframework.http.ResponseEntity<?> com.tw.jlhe.todolist.controller.TodoListController.updateItem(int,com.tw.jlhe.todolist.model.OptTodoItem)
2017-01-24 10:24:32.244  INFO 52912 --- [    Test worker] ilder$StaticRequestMappingHandlerMapping : Mapped "{[/todoitems/{id}],methods=[DELETE]}" onto public org.springframework.http.ResponseEntity<?> com.tw.jlhe.todolist.controller.TodoListController.deleteItem(int)
2017-01-24 10:24:32.257  INFO 52912 --- [    Test worker] s.w.s.m.m.a.RequestMappingHandlerAdapter : Looking for @ControllerAdvice: org.springframework.test.web.servlet.setup.StubWebApplicationContext@2fbc0b9e
2017-01-24 10:24:32.263  INFO 52912 --- [    Test worker] o.s.mock.web.MockServletContext          : Initializing Spring FrameworkServlet ''
2017-01-24 10:24:32.263  INFO 52912 --- [    Test worker] o.s.t.web.servlet.TestDispatcherServlet  : FrameworkServlet '': initialization started
2017-01-24 10:24:32.264  INFO 52912 --- [    Test worker] o.s.t.web.servlet.TestDispatcherServlet  : FrameworkServlet '': initialization completed in 1 ms

MockHttpServletRequest:
      HTTP Method = GET
      Request URI = /todoitems
       Parameters = {}
          Headers = {}

Handler:
             Type = com.tw.jlhe.todolist.controller.TodoListController
           Method = public org.springframework.http.ResponseEntity<java.util.Map> com.tw.jlhe.todolist.controller.TodoListController.items()

Async:
    Async started = false
     Async result = null

Resolved Exception:
             Type = null

ModelAndView:
        View name = null
             View = null
            Model = null

FlashMap:
       Attributes = null

MockHttpServletResponse:
           Status = 200
    Error message = null
          Headers = {Content-Type=[application/json;charset=UTF-8]}
     Content type = application/json;charset=UTF-8
             Body = {"items":[{"id":1,"text":"test case","done":false,"timestamp":"2011-01-21T11:33:21Z"}]}
    Forwarded URL = null
   Redirected URL = null
          Cookies = []
2017-01-24 10:24:32.298  INFO 52912 --- [    Test worker] ilder$StaticRequestMappingHandlerMapping : Mapped "{[/todoitems],methods=[GET]}" onto public org.springframework.http.ResponseEntity<java.util.Map> com.tw.jlhe.todolist.controller.TodoListController.items()
2017-01-24 10:24:32.299  INFO 52912 --- [    Test worker] ilder$StaticRequestMappingHandlerMapping : Mapped "{[/todoitems],methods=[POST]}" onto public org.springframework.http.ResponseEntity<?> com.tw.jlhe.todolist.controller.TodoListController.createItem(com.tw.jlhe.todolist.model.OptTodoItem)
2017-01-24 10:24:32.299  INFO 52912 --- [    Test worker] ilder$StaticRequestMappingHandlerMapping : Mapped "{[/todoitems/{id}],methods=[PUT]}" onto public org.springframework.http.ResponseEntity<?> com.tw.jlhe.todolist.controller.TodoListController.updateItem(int,com.tw.jlhe.todolist.model.OptTodoItem)
2017-01-24 10:24:32.300  INFO 52912 --- [    Test worker] ilder$StaticRequestMappingHandlerMapping : Mapped "{[/todoitems/{id}],methods=[DELETE]}" onto public org.springframework.http.ResponseEntity<?> com.tw.jlhe.todolist.controller.TodoListController.deleteItem(int)
2017-01-24 10:24:32.311  INFO 52912 --- [    Test worker] s.w.s.m.m.a.RequestMappingHandlerAdapter : Looking for @ControllerAdvice: org.springframework.test.web.servlet.setup.StubWebApplicationContext@7ae746a2
2017-01-24 10:24:32.315  INFO 52912 --- [    Test worker] o.s.mock.web.MockServletContext          : Initializing Spring FrameworkServlet ''
2017-01-24 10:24:32.315  INFO 52912 --- [    Test worker] o.s.t.web.servlet.TestDispatcherServlet  : FrameworkServlet '': initialization started
2017-01-24 10:24:32.316  INFO 52912 --- [    Test worker] o.s.t.web.servlet.TestDispatcherServlet  : FrameworkServlet '': initialization completed in 1 ms

MockHttpServletRequest:
      HTTP Method = POST
      Request URI = /todoitems
       Parameters = {}
          Headers = {Content-Type=[application/json]}

Handler:
             Type = com.tw.jlhe.todolist.controller.TodoListController
           Method = public org.springframework.http.ResponseEntity<?> com.tw.jlhe.todolist.controller.TodoListController.createItem(com.tw.jlhe.todolist.model.OptTodoItem)

Async:
    Async started = false
     Async result = null

Resolved Exception:
             Type = null

ModelAndView:
        View name = null
             View = null
            Model = null

FlashMap:
       Attributes = null

MockHttpServletResponse:
           Status = 201
    Error message = null
          Headers = {Content-Type=[application/json;charset=UTF-8]}
     Content type = application/json;charset=UTF-8
             Body = {"todoItem":{"id":1,"text":"test case","done":false,"timestamp":"2011-01-21T11:33:21Z"},"message":"Create todo item is successful!","status":201}
    Forwarded URL = null
   Redirected URL = null
          Cookies = []
2017-01-24 10:24:32.412  INFO 52912 --- [    Test worker] ilder$StaticRequestMappingHandlerMapping : Mapped "{[/todoitems],methods=[GET]}" onto public org.springframework.http.ResponseEntity<java.util.Map> com.tw.jlhe.todolist.controller.TodoListController.items()
2017-01-24 10:24:32.413  INFO 52912 --- [    Test worker] ilder$StaticRequestMappingHandlerMapping : Mapped "{[/todoitems],methods=[POST]}" onto public org.springframework.http.ResponseEntity<?> com.tw.jlhe.todolist.controller.TodoListController.createItem(com.tw.jlhe.todolist.model.OptTodoItem)
2017-01-24 10:24:32.413  INFO 52912 --- [    Test worker] ilder$StaticRequestMappingHandlerMapping : Mapped "{[/todoitems/{id}],methods=[PUT]}" onto public org.springframework.http.ResponseEntity<?> com.tw.jlhe.todolist.controller.TodoListController.updateItem(int,com.tw.jlhe.todolist.model.OptTodoItem)
2017-01-24 10:24:32.413  INFO 52912 --- [    Test worker] ilder$StaticRequestMappingHandlerMapping : Mapped "{[/todoitems/{id}],methods=[DELETE]}" onto public org.springframework.http.ResponseEntity<?> com.tw.jlhe.todolist.controller.TodoListController.deleteItem(int)
2017-01-24 10:24:32.426  INFO 52912 --- [    Test worker] s.w.s.m.m.a.RequestMappingHandlerAdapter : Looking for @ControllerAdvice: org.springframework.test.web.servlet.setup.StubWebApplicationContext@57defa36
2017-01-24 10:24:32.431  INFO 52912 --- [    Test worker] o.s.mock.web.MockServletContext          : Initializing Spring FrameworkServlet ''
2017-01-24 10:24:32.431  INFO 52912 --- [    Test worker] o.s.t.web.servlet.TestDispatcherServlet  : FrameworkServlet '': initialization started
2017-01-24 10:24:32.432  INFO 52912 --- [    Test worker] o.s.t.web.servlet.TestDispatcherServlet  : FrameworkServlet '': initialization completed in 1 ms
2017-01-24 10:24:32.444  INFO 52912 --- [    Test worker] ilder$StaticRequestMappingHandlerMapping : Mapped "{[/todoitems],methods=[GET]}" onto public org.springframework.http.ResponseEntity<java.util.Map> com.tw.jlhe.todolist.controller.TodoListController.items()
2017-01-24 10:24:32.445  INFO 52912 --- [    Test worker] ilder$StaticRequestMappingHandlerMapping : Mapped "{[/todoitems],methods=[POST]}" onto public org.springframework.http.ResponseEntity<?> com.tw.jlhe.todolist.controller.TodoListController.createItem(com.tw.jlhe.todolist.model.OptTodoItem)
2017-01-24 10:24:32.445  INFO 52912 --- [    Test worker] ilder$StaticRequestMappingHandlerMapping : Mapped "{[/todoitems/{id}],methods=[PUT]}" onto public org.springframework.http.ResponseEntity<?> com.tw.jlhe.todolist.controller.TodoListController.updateItem(int,com.tw.jlhe.todolist.model.OptTodoItem)
2017-01-24 10:24:32.446  INFO 52912 --- [    Test worker] ilder$StaticRequestMappingHandlerMapping : Mapped "{[/todoitems/{id}],methods=[DELETE]}" onto public org.springframework.http.ResponseEntity<?> com.tw.jlhe.todolist.controller.TodoListController.deleteItem(int)
2017-01-24 10:24:32.457  INFO 52912 --- [    Test worker] s.w.s.m.m.a.RequestMappingHandlerAdapter : Looking for @ControllerAdvice: org.springframework.test.web.servlet.setup.StubWebApplicationContext@518cafed
2017-01-24 10:24:32.460  INFO 52912 --- [    Test worker] o.s.mock.web.MockServletContext          : Initializing Spring FrameworkServlet ''
2017-01-24 10:24:32.460  INFO 52912 --- [    Test worker] o.s.t.web.servlet.TestDispatcherServlet  : FrameworkServlet '': initialization started
2017-01-24 10:24:32.460  INFO 52912 --- [    Test worker] o.s.t.web.servlet.TestDispatcherServlet  : FrameworkServlet '': initialization completed in 0 ms

MockHttpServletRequest:
      HTTP Method = PUT
      Request URI = /todoitems/1
       Parameters = {}
          Headers = {Content-Type=[application/json]}

Handler:
             Type = com.tw.jlhe.todolist.controller.TodoListController
           Method = public org.springframework.http.ResponseEntity<?> com.tw.jlhe.todolist.controller.TodoListController.updateItem(int,com.tw.jlhe.todolist.model.OptTodoItem)

Async:
    Async started = false
     Async result = null

Resolved Exception:
             Type = null

ModelAndView:
        View name = null
             View = null
            Model = null

FlashMap:
       Attributes = null

MockHttpServletResponse:
           Status = 200
    Error message = null
          Headers = {Content-Type=[application/json;charset=UTF-8]}
     Content type = application/json;charset=UTF-8
             Body = {"todoItem":{"id":1,"text":"update test","done":true,"timestamp":"2011-01-21T11:33:21Z"},"message":"Update todo item is successful!","status":200}
    Forwarded URL = null
   Redirected URL = null
          Cookies = []
]]></system-out>
  <system-err><![CDATA[]]></system-err>
</testsuite>
