<?xml version="1.0" encoding="UTF-8"?>
<testsuite name="com.tw.jlhe.todolist.service.TodoListServiceTest" tests="6" skipped="0" failures="0" errors="0" timestamp="2017-01-24T02:24:32" hostname="CNcqu.local" time="0.033">
  <properties/>
  <testcase name="shouldReturnMessageResponseWithSuccessfulAnd200StatusCodeAndItemWhenUpdateItem" classname="com.tw.jlhe.todolist.service.TodoListServiceTest" time="0.012"/>
  <testcase name="shouldReturnMessageResponseWith204StatusCodeWhenDeleteItem" classname="com.tw.jlhe.todolist.service.TodoListServiceTest" time="0.001"/>
  <testcase name="shouldReturnMessageResponseWithFailAnd404StatusCodeWhenItemNotFound" classname="com.tw.jlhe.todolist.service.TodoListServiceTest" time="0.001"/>
  <testcase name="shouldReturnTodoItemsMapContainsItems" classname="com.tw.jlhe.todolist.service.TodoListServiceTest" time="0.008"/>
  <testcase name="shouleReturnMessageResponseWith404StatusCodeWhenDeleteItemNotFound" classname="com.tw.jlhe.todolist.service.TodoListServiceTest" time="0.002"/>
  <testcase name="shouldReturnMessageResponseWithSuccessfulAnd201StatusCodeAndItemWhenCreateItem" classname="com.tw.jlhe.todolist.service.TodoListServiceTest" time="0.002"/>
  <system-out><![CDATA[]]></system-out>
  <system-err><![CDATA[]]></system-err>
</testsuite>
